#
# There is insufficient memory for the Java Runtime Environment to continue.
# Native memory allocation (malloc) failed to allocate 1792 bytes for AllocateHeap
# Possible reasons:
#   The system is out of physical RAM or swap space
#   In 32 bit mode, the process size limit was hit
# Possible solutions:
#   Reduce memory load on the system
#   Increase physical memory or swap space
#   Check if swap backing store is full
#   Use 64 bit Java on a 64 bit OS
#   Decrease Java heap size (-Xmx/-Xms)
#   Decrease number of Java threads
#   Decrease Java thread stack sizes (-Xss)
#   Set larger code cache with -XX:ReservedCodeCacheSize=
# This output file may be truncated or incomplete.
#
#  Out of Memory Error (memory/allocation.inline.hpp:61), pid=17244, tid=0x0000000000001904
#
# JRE version: Java(TM) SE Runtime Environment (8.0_131-b11) (build 1.8.0_131-b11)
# Java VM: Java HotSpot(TM) 64-Bit Server VM (25.131-b11 mixed mode windows-amd64 compressed oops)
# Failed to write core dump. Minidumps are not enabled by default on client versions of Windows
#

---------------  T H R E A D  ---------------

Current thread (0x00000000033ad800):  GCTaskThread [stack: 0x0000000013430000,0x0000000013530000] [id=6404]

Stack: [0x0000000013430000,0x0000000013530000]
[error occurred during error reporting (printing stack bounds), id 0xc0000005]

Native frames: (J=compiled Java code, j=interpreted, Vv=VM code, C=native code)

JavaThread 0x000000001c487800 (nid = 23300) was being processed
Java frames: (J=compiled Java code, j=interpreted, Vv=VM code)
j  java.net.DualStackPlainSocketImpl.accept0(I[Ljava/net/InetSocketAddress;)I+0
j  java.net.DualStackPlainSocketImpl.socketAccept(Ljava/net/SocketImpl;)V+37
j  java.net.AbstractPlainSocketImpl.accept(Ljava/net/SocketImpl;)V+7
j  java.net.PlainSocketImpl.accept(Ljava/net/SocketImpl;)V+42
j  java.net.ServerSocket.implAccept(Ljava/net/Socket;)V+60
j  java.net.ServerSocket.accept()Ljava/net/Socket;+48
j  sun.management.jmxremote.LocalRMIServerSocketFactory$1.accept()Ljava/net/Socket;+1
j  sun.rmi.transport.tcp.TCPTransport$AcceptLoop.executeAcceptLoop()V+55
j  sun.rmi.transport.tcp.TCPTransport$AcceptLoop.run()V+1
j  java.lang.Thread.run()V+11
v  ~StubRoutines::call_stub

---------------  P R O C E S S  ---------------

Java Threads: ( => current thread )
  0x000000001c487800 JavaThread "RMI TCP Accept-0" daemon [_thread_in_native, id=23300, stack(0x000000001cda0000,0x000000001cea0000)]
  0x000000001c237800 JavaThread "Service Thread" daemon [_thread_blocked, id=16112, stack(0x000000001cca0000,0x000000001cda0000)]
  0x000000001c22b000 JavaThread "C1 CompilerThread2" daemon [_thread_blocked, id=11460, stack(0x000000001cba0000,0x000000001cca0000)]
  0x000000001c1ca000 JavaThread "C2 CompilerThread1" daemon [_thread_blocked, id=22376, stack(0x000000001caa0000,0x000000001cba0000)]
  0x000000001c168000 JavaThread "C2 CompilerThread0" daemon [_thread_blocked, id=10196, stack(0x000000001c9a0000,0x000000001caa0000)]
  0x000000001c1c5000 JavaThread "Monitor Ctrl-Break" daemon [_thread_in_native, id=11680, stack(0x000000001c8a0000,0x000000001c9a0000)]
  0x000000001a758000 JavaThread "Attach Listener" daemon [_thread_blocked, id=17196, stack(0x000000001bfa0000,0x000000001c0a0000)]
  0x000000001a745000 JavaThread "Signal Dispatcher" daemon [_thread_blocked, id=15040, stack(0x000000001bea0000,0x000000001bfa0000)]
  0x000000000348d800 JavaThread "Finalizer" daemon [_thread_blocked, id=16584, stack(0x000000001b9a0000,0x000000001baa0000)]
  0x0000000003488000 JavaThread "Reference Handler" daemon [_thread_blocked, id=23460, stack(0x000000001b8a0000,0x000000001b9a0000)]
  0x0000000003392800 JavaThread "main" [_thread_blocked, id=20320, stack(0x00000000031f0000,0x00000000032f0000)]

Other Threads:
  0x000000001a6f7000 VMThread [stack: 0x000000001b7a0000,0x000000001b8a0000] [id=11448]
  0x000000001c496000 WatcherThread [stack: 0x000000001cea0000,0x000000001cfa0000] [id=22932]

=>0x00000000033ad800 (exited) GCTaskThread [stack: 0x0000000013430000,0x0000000013530000] [id=6404]

VM state:at safepoint (normal execution)

VM Mutex/Monitor currently owned by a thread:  ([mutex/lock_event])
[0x0000000003398580] OopMapCacheAlloc_lock - owner thread: 0x00000000033ad800
[0x0000000003397e00] Threads_lock - owner thread: 0x000000001a6f7000
[0x00000000033904d0] Heap_lock - owner thread: 0x0000000003392800

Heap:
 PSYoungGen      total 57344K, used 20420K [0x0000000780700000, 0x0000000784700000, 0x00000007c0000000)
  eden space 49152K, 41% used [0x0000000780700000,0x0000000781af1220,0x0000000783700000)
  from space 8192K, 0% used [0x0000000783f00000,0x0000000783f00000,0x0000000784700000)
  to   space 8192K, 1% used [0x0000000783700000,0x0000000783720000,0x0000000783f00000)
 ParOldGen       total 131072K, used 0K [0x0000000701400000, 0x0000000709400000, 0x0000000780700000)
  object space 131072K, 0% used [0x0000000701400000,0x0000000701400000,0x0000000709400000)
 Metaspace       used 8332K, capacity 8450K, committed 8576K, reserved 1060864K
  class space    used 1017K, capacity 1089K, committed 1152K, reserved 1048576K

Card table byte_map: [0x0000000012a30000,0x0000000013030000] byte_map_base: 0x000000000f226000

Marking Bits: (ParMarkBitMap*) 0x000000007652c720
 Begin Bits: [0x0000000013830000, 0x00000000167e0000)
 End Bits:   [0x00000000167e0000, 0x0000000019790000)

Polling page: 0x0000000001210000

CodeCache: size=245760Kb used=1992Kb max_used=1992Kb free=243768Kb
 bounds [0x0000000003670000, 0x00000000038e0000, 0x0000000012670000]
 total_blobs=967 nmethods=623 adapters=257
 compilation: enabled

Compilation events (10 events):
Event: 7.513 Thread 0x000000001c22b000  619       1       java.lang.String::getChars (16 bytes)
Event: 7.513 Thread 0x000000001c22b000 nmethod 619 0x000000000385db10 code [0x000000000385dc80, 0x000000000385de28]
Event: 7.516 Thread 0x000000001c22b000  620       1       java.net.URL::<init> (8 bytes)
Event: 7.516 Thread 0x000000001c22b000 nmethod 620 0x000000000385ded0 code [0x000000000385e020, 0x000000000385e148]
Event: 7.516 Thread 0x000000001c22b000  621   !   1       java.net.URL::<init> (543 bytes)
Event: 7.520 Thread 0x000000001c22b000 nmethod 621 0x000000000385e1d0 code [0x000000000385e520, 0x000000000385f618]
Event: 7.520 Thread 0x000000001c22b000  622       1       java.net.URLStreamHandler::setURL (40 bytes)
Event: 7.520 Thread 0x000000001c22b000 nmethod 622 0x0000000003861050 code [0x00000000038611c0, 0x00000000038613d8]
Event: 7.521 Thread 0x000000001c22b000  623       1       java.util.zip.ZipFile::access$400 (5 bytes)
Event: 7.522 Thread 0x000000001c22b000 nmethod 623 0x0000000003861510 code [0x0000000003861660, 0x0000000003861750]

GC Heap History (1 events):
Event: 7.535 GC heap before
{Heap before GC invocations=1 (full 0):
 PSYoungGen      total 57344K, used 20420K [0x0000000780700000, 0x0000000784700000, 0x00000007c0000000)
  eden space 49152K, 41% used [0x0000000780700000,0x0000000781af1220,0x0000000783700000)
  from space 8192K, 0% used [0x0000000783f00000,0x0000000783f00000,0x0000000784700000)
  to   space 8192K, 0% used [0x0000000783700000,0x0000000783700000,0x0000000783f00000)
 ParOldGen       total 131072K, used 0K [0x0000000701400000, 0x0000000709400000, 0x0000000780700000)
  object space 131072K, 0% used [0x0000000701400000,0x0000000701400000,0x0000000709400000)
 Metaspace       used 8332K, capacity 8450K, committed 8576K, reserved 1060864K
  class space    used 1017K, capacity 1089K, committed 1152K, reserved 1048576K

Deoptimization events (0 events):
No events

Internal exceptions (10 events):
Event: 2.112 Thread 0x0000000003392800 Exception <a 'java/lang/ArrayIndexOutOfBoundsException'> (0x0000000780f6c160) thrown at [C:\re\workspace\8-2-build-windows-amd64-cygwin\jdk8u131\8869\hotspot\src\share\vm\runtime\sharedRuntime.cpp, line 605]
Event: 2.140 Thread 0x0000000003392800 Exception <a 'java/lang/ArrayIndexOutOfBoundsException'> (0x0000000780f8c818) thrown at [C:\re\workspace\8-2-build-windows-amd64-cygwin\jdk8u131\8869\hotspot\src\share\vm\runtime\sharedRuntime.cpp, line 605]
Event: 2.219 Thread 0x0000000003392800 Exception <a 'java/security/PrivilegedActionException'> (0x0000000780fe0e78) thrown at [C:\re\workspace\8-2-build-windows-amd64-cygwin\jdk8u131\8869\hotspot\src\share\vm\prims\jvm.cpp, line 1390]
Event: 2.219 Thread 0x0000000003392800 Exception <a 'java/security/PrivilegedActionException'> (0x0000000780fe1088) thrown at [C:\re\workspace\8-2-build-windows-amd64-cygwin\jdk8u131\8869\hotspot\src\share\vm\prims\jvm.cpp, line 1390]
Event: 2.221 Thread 0x0000000003392800 Exception <a 'java/security/PrivilegedActionException'> (0x0000000780fe3fe8) thrown at [C:\re\workspace\8-2-build-windows-amd64-cygwin\jdk8u131\8869\hotspot\src\share\vm\prims\jvm.cpp, line 1390]
Event: 2.221 Thread 0x0000000003392800 Exception <a 'java/security/PrivilegedActionException'> (0x0000000780fe41f8) thrown at [C:\re\workspace\8-2-build-windows-amd64-cygwin\jdk8u131\8869\hotspot\src\share\vm\prims\jvm.cpp, line 1390]
Event: 6.590 Thread 0x0000000003392800 Exception <a 'java/lang/ClassNotFoundException': javax/management/remote/rmi/RMIJRMPServerImpl$ExportedWrapper_Stub> (0x00000007811cada8) thrown at [C:\re\workspace\8-2-build-windows-amd64-cygwin\jdk8u131\8869\hotspot\src\share\vm\classfile\systemDictiona
Event: 6.704 Thread 0x0000000003392800 Exception <a 'java/lang/NoSuchFieldError': method resolution failed> (0x0000000781313e30) thrown at [C:\re\workspace\8-2-build-windows-amd64-cygwin\jdk8u131\8869\hotspot\src\share\vm\prims\methodHandles.cpp, line 1146]
Event: 6.716 Thread 0x0000000003392800 Exception <a 'java/lang/NoSuchFieldError': method resolution failed> (0x0000000781322078) thrown at [C:\re\workspace\8-2-build-windows-amd64-cygwin\jdk8u131\8869\hotspot\src\share\vm\prims\methodHandles.cpp, line 1146]
Event: 7.470 Thread 0x0000000003392800 Exception <a 'java/io/FileNotFoundException'> (0x0000000781943020) thrown at [C:\re\workspace\8-2-build-windows-amd64-cygwin\jdk8u131\8869\hotspot\src\share\vm\prims\jni.cpp, line 709]

Events (10 events):
Event: 7.532 loading class java/text/DateFormat done
Event: 7.532 loading class java/text/SimpleDateFormat done
Event: 7.533 loading class java/text/DateFormat$Field
Event: 7.533 loading class java/text/Format$Field
Event: 7.533 loading class java/text/AttributedCharacterIterator$Attribute
Event: 7.533 loading class java/text/AttributedCharacterIterator$Attribute done
Event: 7.533 loading class java/text/Format$Field done
Event: 7.533 loading class java/text/DateFormat$Field done
Event: 7.534 loading class java/util/Locale$Category
Event: 7.534 Executing VM operation: CollectForMetadataAllocation


Dynamic libraries:
0x00007ff7d7330000 - 0x00007ff7d7367000 	D:\developer_tools\Java\jdk1.8.0_131\bin\java.exe
0x00007ffe919b0000 - 0x00007ffe91ba5000 	C:\WINDOWS\SYSTEM32\ntdll.dll
0x00007ffe908a0000 - 0x00007ffe9095d000 	C:\WINDOWS\System32\KERNEL32.DLL
0x00007ffe8f420000 - 0x00007ffe8f6ed000 	C:\WINDOWS\System32\KERNELBASE.dll
0x00007ffe90960000 - 0x00007ffe90a0e000 	C:\WINDOWS\System32\ADVAPI32.dll
0x00007ffe90050000 - 0x00007ffe900ee000 	C:\WINDOWS\System32\msvcrt.dll
0x00007ffe8fde0000 - 0x00007ffe8fe7c000 	C:\WINDOWS\System32\sechost.dll
0x00007ffe90ca0000 - 0x00007ffe90dc5000 	C:\WINDOWS\System32\RPCRT4.dll
0x00007ffe8fb10000 - 0x00007ffe8fcb0000 	C:\WINDOWS\System32\USER32.dll
0x00007ffe8f840000 - 0x00007ffe8f862000 	C:\WINDOWS\System32\win32u.dll
0x00007ffe91940000 - 0x00007ffe9196a000 	C:\WINDOWS\System32\GDI32.dll
0x00007ffe8f310000 - 0x00007ffe8f41b000 	C:\WINDOWS\System32\gdi32full.dll
0x00007ffe8f130000 - 0x00007ffe8f1cd000 	C:\WINDOWS\System32\msvcp_win.dll
0x00007ffe8f740000 - 0x00007ffe8f840000 	C:\WINDOWS\System32\ucrtbase.dll
0x00007ffe7ae80000 - 0x00007ffe7b11a000 	C:\WINDOWS\WinSxS\amd64_microsoft.windows.common-controls_6595b64144ccf1df_6.0.19041.1110_none_60b5254171f9507e\COMCTL32.dll
0x00007ffe8fae0000 - 0x00007ffe8fb10000 	C:\WINDOWS\System32\IMM32.DLL
0x0000000051190000 - 0x000000005119c000 	C:\Program Files (x86)\360\360Safe\safemon\SafeWrapper.dll
0x00007ffe7e510000 - 0x00007ffe7e5a2000 	C:\Program Files (x86)\360\360Safe\safemon\libzdtp64.dll
0x00007ffe900f0000 - 0x00007ffe90834000 	C:\WINDOWS\System32\SHELL32.dll
0x00007ffe916f0000 - 0x00007ffe91745000 	C:\WINDOWS\System32\SHLWAPI.dll
0x00007ffe8ee10000 - 0x00007ffe8ee1a000 	C:\WINDOWS\SYSTEM32\VERSION.dll
0x00000000777b0000 - 0x0000000077882000 	D:\developer_tools\Java\jdk1.8.0_131\jre\bin\msvcr100.dll
0x0000000075d10000 - 0x00000000765ac000 	D:\developer_tools\Java\jdk1.8.0_131\jre\bin\server\jvm.dll
0x00007ffe91930000 - 0x00007ffe91938000 	C:\WINDOWS\System32\PSAPI.DLL
0x00007ffe8a130000 - 0x00007ffe8a139000 	C:\WINDOWS\SYSTEM32\WSOCK32.dll
0x00007ffe8ffe0000 - 0x00007ffe9004b000 	C:\WINDOWS\System32\WS2_32.dll
0x00007ffe8a150000 - 0x00007ffe8a177000 	C:\WINDOWS\SYSTEM32\WINMM.dll
0x00000000777a0000 - 0x00000000777af000 	D:\developer_tools\Java\jdk1.8.0_131\jre\bin\verify.dll
0x0000000077710000 - 0x0000000077739000 	D:\developer_tools\Java\jdk1.8.0_131\jre\bin\java.dll
0x00000000776c0000 - 0x00000000776e3000 	D:\developer_tools\Java\jdk1.8.0_131\jre\bin\instrument.dll
0x00000000776f0000 - 0x0000000077706000 	D:\developer_tools\Java\jdk1.8.0_131\jre\bin\zip.dll
0x00007ffe8d130000 - 0x00007ffe8d8c4000 	C:\WINDOWS\SYSTEM32\windows.storage.dll
0x00007ffe90dd0000 - 0x00007ffe91124000 	C:\WINDOWS\System32\combase.dll
0x00007ffe8eab0000 - 0x00007ffe8eadc000 	C:\WINDOWS\SYSTEM32\Wldp.dll
0x00007ffe8fcb0000 - 0x00007ffe8fd5d000 	C:\WINDOWS\System32\SHCORE.dll
0x00007ffe8f000000 - 0x00007ffe8f01f000 	C:\WINDOWS\SYSTEM32\profapi.dll
0x00007ffe78160000 - 0x00007ffe7817a000 	D:\developer_tools\IntelliJ IDEA 2018.3.6\bin\breakgen64.dll
0x00000000776a0000 - 0x00000000776ba000 	D:\developer_tools\Java\jdk1.8.0_131\jre\bin\net.dll
0x00007ffe8e810000 - 0x00007ffe8e87a000 	C:\WINDOWS\system32\mswsock.dll
0x00007ffe8e550000 - 0x00007ffe8e61b000 	C:\WINDOWS\SYSTEM32\DNSAPI.dll
0x00007ffe8e4b0000 - 0x00007ffe8e4eb000 	C:\WINDOWS\SYSTEM32\IPHLPAPI.DLL
0x00007ffe916e0000 - 0x00007ffe916e8000 	C:\WINDOWS\System32\NSI.dll
0x00007ffe828f0000 - 0x00007ffe828fa000 	C:\Windows\System32\rasadhlp.dll
0x00007ffe838c0000 - 0x00007ffe83940000 	C:\WINDOWS\System32\fwpuclnt.dll
0x00007ffe8f870000 - 0x00007ffe8f897000 	C:\WINDOWS\System32\bcrypt.dll
0x0000000077670000 - 0x000000007767d000 	D:\developer_tools\Java\jdk1.8.0_131\jre\bin\management.dll
0x0000000077680000 - 0x0000000077691000 	D:\developer_tools\Java\jdk1.8.0_131\jre\bin\nio.dll
0x00007ffe8ea00000 - 0x00007ffe8ea18000 	C:\WINDOWS\SYSTEM32\CRYPTSP.dll
0x00007ffe8e120000 - 0x00007ffe8e154000 	C:\WINDOWS\system32\rsaenh.dll
0x00007ffe8ef80000 - 0x00007ffe8efae000 	C:\WINDOWS\SYSTEM32\USERENV.dll
0x00007ffe8f280000 - 0x00007ffe8f302000 	C:\WINDOWS\System32\bcryptprimitives.dll
0x00007ffe8ea20000 - 0x00007ffe8ea2c000 	C:\WINDOWS\SYSTEM32\CRYPTBASE.dll
0x00007ffe88210000 - 0x00007ffe88227000 	C:\WINDOWS\SYSTEM32\dhcpcsvc6.DLL
0x00007ffe881f0000 - 0x00007ffe8820d000 	C:\WINDOWS\SYSTEM32\dhcpcsvc.DLL
0x00007ffe86260000 - 0x00007ffe86277000 	C:\WINDOWS\system32\napinsp.dll
0x00007ffe86240000 - 0x00007ffe8625b000 	C:\WINDOWS\system32\pnrpnsp.dll
0x00007ffe811a0000 - 0x00007ffe811b5000 	C:\WINDOWS\system32\wshbth.dll
0x00007ffe8aa50000 - 0x00007ffe8aa6d000 	C:\WINDOWS\system32\NLAapi.dll
0x00007ffe7f4f0000 - 0x00007ffe7f502000 	C:\WINDOWS\System32\winrnr.dll

VM Arguments:
jvm_args: -XX:TieredStopAtLevel=1 -Xverify:none -Dspring.output.ansi.enabled=always -Dcom.sun.management.jmxremote -Dspring.liveBeansView.mbeanDomain -Dspring.application.admin.enabled=true -javaagent:D:\developer_tools\IntelliJ IDEA 2018.3.6\lib\idea_rt.jar=62216:D:\developer_tools\IntelliJ IDEA 2018.3.6\bin -Dfile.encoding=UTF-8 
java_command: com.atsober.yygh.gateway.ServerGatewayApplication
java_class_path (initial): D:\developer_tools\Java\jdk1.8.0_131\jre\lib\charsets.jar;D:\developer_tools\Java\jdk1.8.0_131\jre\lib\deploy.jar;D:\developer_tools\Java\jdk1.8.0_131\jre\lib\ext\access-bridge-64.jar;D:\developer_tools\Java\jdk1.8.0_131\jre\lib\ext\cldrdata.jar;D:\developer_tools\Java\jdk1.8.0_131\jre\lib\ext\dnsns.jar;D:\developer_tools\Java\jdk1.8.0_131\jre\lib\ext\jaccess.jar;D:\developer_tools\Java\jdk1.8.0_131\jre\lib\ext\jfxrt.jar;D:\developer_tools\Java\jdk1.8.0_131\jre\lib\ext\localedata.jar;D:\developer_tools\Java\jdk1.8.0_131\jre\lib\ext\nashorn.jar;D:\developer_tools\Java\jdk1.8.0_131\jre\lib\ext\sunec.jar;D:\developer_tools\Java\jdk1.8.0_131\jre\lib\ext\sunjce_provider.jar;D:\developer_tools\Java\jdk1.8.0_131\jre\lib\ext\sunmscapi.jar;D:\developer_tools\Java\jdk1.8.0_131\jre\lib\ext\sunpkcs11.jar;D:\developer_tools\Java\jdk1.8.0_131\jre\lib\ext\zipfs.jar;D:\developer_tools\Java\jdk1.8.0_131\jre\lib\javaws.jar;D:\developer_tools\Java\jdk1.8.0_131\jre\lib\jce.jar;D:\developer_tools\Java\jdk1.8.0_131\jre\lib\jfr.jar;D:\developer_tools\Java\jdk1.8.0_131\jre\lib\jfxswt.jar;D:\developer_tools\Java\jdk1.8.0_131\jre\lib\jsse.jar;D:\developer_tools\Java\jdk1.8.0_131\jre\lib\management-agent.jar;D:\developer_tools\Java\jdk1.8.0_131\jre\lib\plugin.jar;D:\developer_tools\Java\jdk1.8.0_131\jre\lib\resources.jar;D:\developer_tools\Java\jdk1.8.0_131\jre\lib\rt.jar;D:\workspace\yygh_parent\service_gateway\target\classes;C:\Users\18846\.m2\repository\org\springframework\cloud\spring-cloud-starter-gateway\2.2.0.RELEASE\spring-cloud-starter-gateway-2.2.0.RELEASE.jar;C:\Users\18846\.m2\repository\org\springframework\cloud\spring-cloud-starter\2.2.0.RELEASE\spring-cloud-starter-2.2.0.RELEASE.jar;C:\Users\18846\.m2\repository\org\springframework\cloud\spring-cloud-context\2.2.0.RELEASE\spring-cloud-context-2.2.0.RELEASE.jar;C:\Users\18846\.m2\repository\org\springframework\security\spring-security-crypto\5.2.1.RELEASE\spring-security-crypto-5.2.1.RELEASE.jar;C:\U
Launcher Type: SUN_STANDARD

Environment Variables:
JAVA_HOME=D:\developer_tools\Java\jdk1.8.0_131
PATH=C:\WINDOWS\system32;C:\WINDOWS;C:\Program Files (x86)\Common Files\Oracle\Java\javapath;D:\developer_tools\Java\jdk1.8.0_131\bin;D:\developer_tools\MySQL\MySQL Server 8.0\bin;D:\developer_tools\apache-maven-3.8.4\bin;C:\ProgramData\Oracle\Java\javapath;D:\Python38\Scripts\;D:\Python38\;C:\WINDOWS\System32\Wbem;C:\WINDOWS\System32\WindowsPowerShell\v1.0\;C:\WINDOWS\System32\OpenSSH\;D:\labview-soft\Shared\LabVIEW CLI;C:\Program Files\dotnet\;C:\Program Files\Microsoft SQL Server\130\Tools\Binn\;D:\opencv\opencv\build\x64\vc15\bin;D:\tesseract;D:\ccpan;D:\cmake\cmake-3.14.0-win64-x64\bin;D:\Program Files\Microsoft VS Code\bin;D:\Program Files\mingw-w64\x86_64-8.1.0-win32-seh-rt_v6-rev0\mingw64\bin;D:\MATLAB\runtime\win64;D:\MATLAB\bin;D:\MATLAB\polyspace\bin;D:\Program Files\PuTTY\;D:\Program Files\Git\cmd;D:\developer_tools\Redis\;D:\developer_tools\erl-24.3.4\bin;D:\developer_tools\nodejs\;D:\developer_tools\MongoDB\Server\5.0\bin;D:\Anaconda3;D:\Anaconda3\Library\mingw-w64\bin;D:\Anaconda3\Library\usr\bin;D:\Anaconda3\Library\bin;D:\Anaconda3\Scripts;C:\Users\18846\AppData\Local\Microsoft\WindowsApps;D:\PyCharm 2019.3.3\bin;;D:\Program Files\Bandizip\;C:\Users\18846\AppData\Roaming\npm
USERNAME=18846
OS=Windows_NT
PROCESSOR_IDENTIFIER=Intel64 Family 6 Model 61 Stepping 4, GenuineIntel



---------------  S Y S T E M  ---------------

OS: Windows 10.0 , 64 bit Build 19041 (10.0.19041.1706)

CPU:total 4 (initial active 4) (2 cores per cpu, 2 threads per core) family 6 model 61 stepping 4, cmov, cx8, fxsr, mmx, sse, sse2, sse3, ssse3, sse4.1, sse4.2, popcnt, avx, avx2, aes, clmul, erms, 3dnowpref, lzcnt, ht, tsc, tscinvbit, bmi1, bmi2, adx

Memory: 4k page, physical 12495320k(2538208k free), swap 12495320k(1068k free)

vm_info: Java HotSpot(TM) 64-Bit Server VM (25.131-b11) for windows-amd64 JRE (1.8.0_131-b11), built on Mar 15 2017 01:23:53 by "java_re" with MS VC++ 10.0 (VS2010)

time: Wed May 18 11:43:23 2022
elapsed time: 7 seconds (0d 0h 0m 7s)

